                                                                                                         QUERY PLAN                                                                                                          
-----------------------------------------------------------------------------------------------------------------------------------------------------------------------------------------------------------------------------
 Nested Loop  (cost=484.57..540.81 rows=1 width=128)
   Join Filter: (t1.n2 = t2.n1)
   ->  Nested Loop  (cost=56.13..93.37 rows=1 width=128)
         Join Filter: (t17.n1 = t1.n2)
         ->  Seq Scan on test3 t17  (cost=0.00..18.12 rows=3 width=64)
               Filter: (n1 = n2)
         ->  Materialize  (cost=56.13..75.11 rows=3 width=64)
               ->  Hash Join  (cost=56.13..75.10 rows=3 width=64)
                     Hash Cond: (t1.n1 = t0.n2)
                     ->  Seq Scan on test3 t1  (cost=0.00..16.50 rows=650 width=64)
                     ->  Hash  (cost=56.12..56.12 rows=1 width=128)
                           ->  Merge Join  (cost=56.08..56.12 rows=1 width=128)
                                 Merge Cond: (t16.n1 = t0.n2)
                                 ->  Sort  (cost=18.15..18.16 rows=3 width=64)
                                       Sort Key: t16.n2
                                       ->  Seq Scan on test3 t16  (cost=0.00..18.12 rows=3 width=64)
                                             Filter: (n1 = n2)
                                 ->  Sort  (cost=37.93..37.94 rows=3 width=64)
                                       Sort Key: t0.n2
                                       ->  Nested Loop  (cost=0.00..37.91 rows=3 width=64)
                                             ->  Seq Scan on test3 t15  (cost=0.00..19.75 rows=1 width=0)
                                                   Filter: ((n1 = '1'::text) AND (n2 = '1'::text))
                                             ->  Seq Scan on test3 t0  (cost=0.00..18.12 rows=3 width=64)
                                                   Filter: (n1 = '1'::text)
   ->  Hash Join  (cost=428.44..447.41 rows=3 width=128)
         Hash Cond: (t2.n2 = t3.n1)
         ->  Seq Scan on test3 t2  (cost=0.00..16.50 rows=650 width=64)
         ->  Hash  (cost=428.43..428.43 rows=1 width=192)
               ->  Merge Join  (cost=428.39..428.43 rows=1 width=192)
                     Merge Cond: (t18.n1 = t3.n1)
                     ->  Sort  (cost=18.15..18.16 rows=3 width=64)
                           Sort Key: t18.n2
                           ->  Seq Scan on test3 t18  (cost=0.00..18.12 rows=3 width=64)
                                 Filter: (n1 = n2)
                     ->  Sort  (cost=410.24..410.25 rows=3 width=128)
                           Sort Key: t3.n1
                           ->  Hash Join  (cost=391.25..410.21 rows=3 width=128)
                                 Hash Cond: (t3.n2 = t4.n1)
                                 ->  Seq Scan on test3 t3  (cost=0.00..16.50 rows=650 width=64)
                                 ->  Hash  (cost=391.23..391.23 rows=1 width=192)
                                       ->  Nested Loop  (cost=259.92..391.23 rows=1 width=192)
                                             ->  Nested Loop  (cost=259.92..371.47 rows=1 width=192)
                                                   Join Filter: (t13.n2 = t28.n1)
                                                   ->  Nested Loop  (cost=259.92..353.31 rows=1 width=256)
                                                         ->  Nested Loop  (cost=167.13..185.33 rows=1 width=128)
                                                               Join Filter: (t7.n2 = t8.n1)
                                                               ->  Merge Join  (cost=167.13..167.17 rows=1 width=192)
                                                                     Merge Cond: (t19.n1 = t4.n1)
                                                                     ->  Sort  (cost=18.15..18.16 rows=3 width=64)
                                                                           Sort Key: t19.n2
                                                                           ->  Seq Scan on test3 t19  (cost=0.00..18.12 rows=3 width=64)
                                                                                 Filter: (n1 = n2)
                                                                     ->  Sort  (cost=148.98..148.99 rows=3 width=128)
                                                                           Sort Key: t4.n1
                                                                           ->  Hash Join  (cost=129.99..148.95 rows=3 width=128)
                                                                                 Hash Cond: (t4.n2 = t5.n1)
                                                                                 ->  Seq Scan on test3 t4  (cost=0.00..16.50 rows=650 width=64)
                                                                                 ->  Hash  (cost=129.97..129.97 rows=1 width=192)
                                                                                       ->  Merge Join  (cost=129.93..129.97 rows=1 width=192)
                                                                                             Merge Cond: (t20.n1 = t5.n1)
                                                                                             ->  Sort  (cost=18.15..18.16 rows=3 width=64)
                                                                                                   Sort Key: t20.n2
                                                                                                   ->  Seq Scan on test3 t20  (cost=0.00..18.12 rows=3 width=64)
                                                                                                         Filter: (n1 = n2)
                                                                                             ->  Sort  (cost=111.79..111.79 rows=3 width=128)
                                                                                                   Sort Key: t5.n1
                                                                                                   ->  Hash Join  (cost=92.79..111.76 rows=3 width=128)
                                                                                                         Hash Cond: (t5.n2 = t6.n1)
                                                                                                         ->  Seq Scan on test3 t5  (cost=0.00..16.50 rows=650 width=64)
                                                                                                         ->  Hash  (cost=92.78..92.78 rows=1 width=192)
                                                                                                               ->  Merge Join  (cost=92.74..92.78 rows=1 width=192)
                                                                                                                     Merge Cond: (t23.n1 = t7.n2)
                                                                                                                     ->  Sort  (cost=18.15..18.16 rows=3 width=64)
                                                                                                                           Sort Key: t23.n2
                                                                                                                           ->  Seq Scan on test3 t23  (cost=0.00..18.12 rows=3 width=64)
                                                                                                                                 Filter: (n1 = n2)
                                                                                                                     ->  Sort  (cost=74.59..74.60 rows=3 width=128)
                                                                                                                           Sort Key: t7.n2
                                                                                                                           ->  Hash Join  (cost=55.60..74.57 rows=3 width=128)
                                                                                                                                 Hash Cond: (t7.n1 = t6.n2)
                                                                                                                                 ->  Seq Scan on test3 t7  (cost=0.00..16.50 rows=650 width=64)
                                                                                                                                 ->  Hash  (cost=55.59..55.59 rows=1 width=192)
                                                                                                                                       ->  Merge Join  (cost=55.51..55.59 rows=1 width=192)
                                                                                                                                             Merge Cond: (t6.n2 = t22.n1)
                                                                                                                                             ->  Sort  (cost=37.37..37.39 rows=10 width=128)
                                                                                                                                                   Sort Key: t6.n2
                                                                                                                                                   ->  Hash Join  (cost=18.16..37.20 rows=10 width=128)
                                                                                                                                                         Hash Cond: (t6.n1 = t21.n1)
                                                                                                                                                         ->  Seq Scan on test3 t6  (cost=0.00..16.50 rows=650 width=64)
                                                                                                                                                         ->  Hash  (cost=18.12..18.12 rows=3 width=64)
                                                                                                                                                               ->  Seq Scan on test3 t21  (cost=0.00..18.12 rows=3 width=64)
                                                                                                                                                                     Filter: (n1 = n2)
                                                                                                                                             ->  Sort  (cost=18.15..18.16 rows=3 width=64)
                                                                                                                                                   Sort Key: t22.n2
                                                                                                                                                   ->  Seq Scan on test3 t22  (cost=0.00..18.12 rows=3 width=64)
                                                                                                                                                         Filter: (n1 = n2)
                                                               ->  Seq Scan on test3 t8  (cost=0.00..18.12 rows=3 width=64)
                                                                     Filter: (n2 = 'i_2'::text)
                                                         ->  Nested Loop  (cost=92.79..167.97 rows=1 width=128)
                                                               Join Filter: (t13.n2 = t14.n1)
                                                               ->  Nested Loop  (cost=92.79..149.81 rows=1 width=64)
                                                                     Join Filter: (t11.n2 = t26.n1)
                                                                     ->  Nested Loop  (cost=92.79..131.54 rows=3 width=128)
                                                                           ->  Seq Scan on test3 t9  (cost=0.00..19.75 rows=1 width=32)
                                                                                 Filter: ((n1 = 'i_2'::text) AND (n2 = '2'::text))
                                                                           ->  Hash Join  (cost=92.79..111.76 rows=3 width=96)
                                                                                 Hash Cond: (t13.n1 = t12.n2)
                                                                                 ->  Seq Scan on test3 t13  (cost=0.00..16.50 rows=650 width=64)
                                                                                 ->  Hash  (cost=92.78..92.78 rows=1 width=160)
                                                                                       ->  Merge Join  (cost=92.71..92.78 rows=1 width=160)
                                                                                             Merge Cond: (t27.n1 = t12.n2)
                                                                                             ->  Sort  (cost=18.15..18.16 rows=3 width=64)
                                                                                                   Sort Key: t27.n2
                                                                                                   ->  Seq Scan on test3 t27  (cost=0.00..18.12 rows=3 width=64)
                                                                                                         Filter: (n1 = n2)
                                                                                             ->  Sort  (cost=74.56..74.58 rows=10 width=96)
                                                                                                   Sort Key: t12.n2
                                                                                                   ->  Hash Join  (cost=55.36..74.39 rows=10 width=96)
                                                                                                         Hash Cond: (t12.n1 = t11.n2)
                                                                                                         ->  Seq Scan on test3 t12  (cost=0.00..16.50 rows=650 width=64)
                                                                                                         ->  Hash  (cost=55.32..55.32 rows=3 width=32)
                                                                                                               ->  Hash Join  (cost=36.35..55.32 rows=3 width=32)
                                                                                                                     Hash Cond: (t11.n1 = t10.n2)
                                                                                                                     ->  Seq Scan on test3 t11  (cost=0.00..16.50 rows=650 width=64)
                                                                                                                     ->  Hash  (cost=36.34..36.34 rows=1 width=96)
                                                                                                                           ->  Merge Join  (cost=36.30..36.34 rows=1 width=96)
                                                                                                                                 Merge Cond: (t25.n1 = t10.n2)
                                                                                                                                 ->  Sort  (cost=18.15..18.16 rows=3 width=64)
                                                                                                                                       Sort Key: t25.n2
                                                                                                                                       ->  Seq Scan on test3 t25  (cost=0.00..18.12 rows=3 width=64)
                                                                                                                                             Filter: (n1 = n2)
                                                                                                                                 ->  Sort  (cost=18.15..18.16 rows=3 width=32)
                                                                                                                                       Sort Key: t10.n2
                                                                                                                                       ->  Seq Scan on test3 t10  (cost=0.00..18.12 rows=3 width=32)
                                                                                                                                             Filter: (n1 = '2'::text)
                                                                     ->  Materialize  (cost=0.00..18.14 rows=3 width=64)
                                                                           ->  Seq Scan on test3 t26  (cost=0.00..18.12 rows=3 width=64)
                                                                                 Filter: (n1 = n2)
                                                               ->  Seq Scan on test3 t14  (cost=0.00..18.12 rows=3 width=64)
                                                                     Filter: (n2 = '3'::text)
                                                   ->  Seq Scan on test3 t28  (cost=0.00..18.12 rows=3 width=64)
                                                         Filter: (n1 = n2)
                                             ->  Seq Scan on test3 t24  (cost=0.00..19.75 rows=1 width=0)
                                                   Filter: ((n1 = '2'::text) AND (n2 = '2'::text))
(144 rows)

