                                                                                                                        QUERY PLAN                                                                                                                         
-----------------------------------------------------------------------------------------------------------------------------------------------------------------------------------------------------------------------------------------------------------
 Nested Loop  (cost=380.71..581.76 rows=1 width=96)
   ->  Nested Loop  (cost=380.71..560.50 rows=1 width=96)
         ->  Nested Loop  (cost=380.71..539.24 rows=1 width=96)
               ->  Nested Loop  (cost=380.71..517.98 rows=1 width=72)
                     ->  Nested Loop  (cost=380.71..459.54 rows=1 width=24)
                           Join Filter: (t13.n1 = t27.n2)
                           ->  Nested Loop  (cost=380.71..440.12 rows=1 width=48)
                                 Join Filter: (t13.n2 = t14.n1)
                                 ->  Nested Loop  (cost=0.00..39.00 rows=1 width=48)
                                       Join Filter: (t14.n1 = t28.n2)
                                       ->  Seq Scan on test3 t14  (cost=0.00..19.38 rows=4 width=48)
                                             Filter: (n2 = '3'::int4_faure)
                                       ->  Materialize  (cost=0.00..19.39 rows=4 width=24)
                                             ->  Seq Scan on test3 t28  (cost=0.00..19.38 rows=4 width=24)
                                                   Filter: (n1 = n2)
                                 ->  Hash Join  (cost=380.71..401.07 rows=4 width=48)
                                       Hash Cond: (t13.n1 = t12.n2)
                                       ->  Seq Scan on test3 t13  (cost=0.00..17.50 rows=750 width=48)
                                       ->  Hash  (cost=380.70..380.70 rows=1 width=24)
                                             ->  Nested Loop  (cost=282.45..380.70 rows=1 width=24)
                                                   Join Filter: (t10.n1 = t24.n2)
                                                   ->  Nested Loop  (cost=282.45..361.28 rows=1 width=48)
                                                         Join Filter: (t6.n1 = t20.n2)
                                                         ->  Nested Loop  (cost=282.45..341.85 rows=1 width=72)
                                                               Join Filter: (t5.n1 = t19.n2)
                                                               ->  Nested Loop  (cost=282.45..322.43 rows=1 width=96)
                                                                     Join Filter: (t11.n1 = t25.n2)
                                                                     ->  Hash Join  (cost=282.45..303.00 rows=1 width=120)
                                                                           Hash Cond: (t12.n1 = t11.n2)
                                                                           ->  Hash Join  (cost=19.43..39.89 rows=15 width=48)
                                                                                 Hash Cond: (t12.n1 = t26.n2)
                                                                                 ->  Seq Scan on test3 t12  (cost=0.00..17.50 rows=750 width=48)
                                                                                 ->  Hash  (cost=19.38..19.38 rows=4 width=24)
                                                                                       ->  Seq Scan on test3 t26  (cost=0.00..19.38 rows=4 width=24)
                                                                                             Filter: (n1 = n2)
                                                                           ->  Hash  (cost=262.84..262.84 rows=15 width=120)
                                                                                 ->  Hash Join  (cost=242.38..262.84 rows=15 width=120)
                                                                                       Hash Cond: (t11.n1 = t10.n2)
                                                                                       ->  Seq Scan on test3 t11  (cost=0.00..17.50 rows=750 width=48)
                                                                                       ->  Hash  (cost=242.33..242.33 rows=4 width=96)
                                                                                             ->  Hash Join  (cost=221.98..242.33 rows=4 width=96)
                                                                                                   Hash Cond: (t10.n1 = t9.n2)
                                                                                                   ->  Seq Scan on test3 t10  (cost=0.00..17.50 rows=750 width=48)
                                                                                                   ->  Hash  (cost=221.96..221.96 rows=1 width=72)
                                                                                                         ->  Nested Loop  (cost=181.99..221.96 rows=1 width=72)
                                                                                                               Join Filter: (t9.n1 = t23.n2)
                                                                                                               ->  Seq Scan on test3 t23  (cost=0.00..19.38 rows=4 width=24)
                                                                                                                     Filter: (n1 = n2)
                                                                                                               ->  Materialize  (cost=181.99..202.36 rows=4 width=96)
                                                                                                                     ->  Hash Join  (cost=181.99..202.34 rows=4 width=96)
                                                                                                                           Hash Cond: (t9.n1 = t8.n2)
                                                                                                                           ->  Seq Scan on test3 t9  (cost=0.00..17.50 rows=750 width=48)
                                                                                                                           ->  Hash  (cost=181.97..181.97 rows=1 width=72)
                                                                                                                                 ->  Nested Loop  (cost=140.80..181.97 rows=1 width=72)
                                                                                                                                       Join Filter: (t4.n2 = t5.n1)
                                                                                                                                       ->  Hash Join  (cost=38.85..59.38 rows=1 width=24)
                                                                                                                                             Hash Cond: (t4.n1 = t18.n2)
                                                                                                                                             ->  Hash Join  (cost=19.43..39.89 rows=15 width=48)
                                                                                                                                                   Hash Cond: (t4.n1 = t3.n2)
                                                                                                                                                   ->  Seq Scan on test3 t4  (cost=0.00..17.50 rows=750 width=48)
                                                                                                                                                   ->  Hash  (cost=19.38..19.38 rows=4 width=24)
                                                                                                                                                         ->  Seq Scan on test3 t3  (cost=0.00..19.38 rows=4 width=24)
                                                                                                                                                               Filter: (n1 = '2'::int4_faure)
                                                                                                                                             ->  Hash  (cost=19.38..19.38 rows=4 width=24)
                                                                                                                                                   ->  Seq Scan on test3 t18  (cost=0.00..19.38 rows=4 width=24)
                                                                                                                                                         Filter: (n1 = n2)
                                                                                                                                       ->  Hash Join  (cost=101.95..122.41 rows=15 width=72)
                                                                                                                                             Hash Cond: (t5.n2 = t6.n1)
                                                                                                                                             ->  Seq Scan on test3 t5  (cost=0.00..17.50 rows=750 width=48)
                                                                                                                                             ->  Hash  (cost=101.90..101.90 rows=4 width=48)
                                                                                                                                                   ->  Hash Join  (cost=81.54..101.90 rows=4 width=48)
                                                                                                                                                         Hash Cond: (t6.n2 = t7.n1)
                                                                                                                                                         ->  Seq Scan on test3 t6  (cost=0.00..17.50 rows=750 width=48)
                                                                                                                                                         ->  Hash  (cost=81.53..81.53 rows=1 width=48)
                                                                                                                                                               ->  Hash Join  (cost=59.50..81.53 rows=1 width=48)
                                                                                                                                                                     Hash Cond: (t7.n1 = t21.n2)
                                                                                                                                                                     ->  Hash Join  (cost=40.08..61.89 rows=56 width=48)
                                                                                                                                                                           Hash Cond: (t7.n2 = t8.n1)
                                                                                                                                                                           ->  Seq Scan on test3 t7  (cost=0.00..17.50 rows=750 width=48)
                                                                                                                                                                           ->  Hash  (cost=39.89..39.89 rows=15 width=48)
                                                                                                                                                                                 ->  Hash Join  (cost=19.43..39.89 rows=15 width=48)
                                                                                                                                                                                       Hash Cond: (t8.n1 = t22.n2)
                                                                                                                                                                                       ->  Seq Scan on test3 t8  (cost=0.00..17.50 rows=750 width=48)
                                                                                                                                                                                       ->  Hash  (cost=19.38..19.38 rows=4 width=24)
                                                                                                                                                                                             ->  Seq Scan on test3 t22  (cost=0.00..19.38 rows=4 width=24)
                                                                                                                                                                                                   Filter: (n1 = n2)
                                                                                                                                                                     ->  Hash  (cost=19.38..19.38 rows=4 width=24)
                                                                                                                                                                           ->  Seq Scan on test3 t21  (cost=0.00..19.38 rows=4 width=24)
                                                                                                                                                                                 Filter: (n1 = n2)
                                                                     ->  Seq Scan on test3 t25  (cost=0.00..19.38 rows=4 width=24)
                                                                           Filter: (n1 = n2)
                                                               ->  Seq Scan on test3 t19  (cost=0.00..19.38 rows=4 width=24)
                                                                     Filter: (n1 = n2)
                                                         ->  Seq Scan on test3 t20  (cost=0.00..19.38 rows=4 width=24)
                                                               Filter: (n1 = n2)
                                                   ->  Seq Scan on test3 t24  (cost=0.00..19.38 rows=4 width=24)
                                                         Filter: (n1 = n2)
                           ->  Seq Scan on test3 t27  (cost=0.00..19.38 rows=4 width=24)
                                 Filter: (n1 = n2)
                     ->  Nested Loop  (cost=0.00..58.42 rows=1 width=48)
                           Join Filter: (t0.n2 = t1.n1)
                           ->  Nested Loop  (cost=0.00..39.00 rows=1 width=48)
                                 Join Filter: (t1.n1 = t16.n2)
                                 ->  Seq Scan on test3 t16  (cost=0.00..19.38 rows=4 width=24)
                                       Filter: (n1 = n2)
                                 ->  Materialize  (cost=0.00..19.39 rows=4 width=48)
                                       ->  Seq Scan on test3 t1  (cost=0.00..19.38 rows=4 width=48)
                                             Filter: (n2 = 'i_2'::int4_faure)
                           ->  Seq Scan on test3 t0  (cost=0.00..19.38 rows=4 width=48)
                                 Filter: (n1 = '1'::int4_faure)
               ->  Seq Scan on test3 t2  (cost=0.00..21.25 rows=1 width=24)
                     Filter: ((n1 = 'i_2'::int4_faure) AND (n2 = '2'::int4_faure))
         ->  Seq Scan on test3 t17  (cost=0.00..21.25 rows=1 width=0)
               Filter: ((n1 = '2'::int4_faure) AND (n2 = '2'::int4_faure))
   ->  Seq Scan on test3 t15  (cost=0.00..21.25 rows=1 width=0)
         Filter: ((n1 = '1'::int4_faure) AND (n2 = '1'::int4_faure))
(116 rows)

