                                              QUERY PLAN                                               
-------------------------------------------------------------------------------------------------------
 Seq Scan on rib1000  (cost=0.00..1134.55 rows=186 width=92) (actual time=3.980..3.981 rows=0 loops=1)
   Filter: ((prefix & '255.255.0.0/16'::inet_faure) = '5.8.0.0/24'::inet_faure)
   Rows Removed by Filter: 37170
 Planning Time: 0.194 ms
 Execution Time: 4.008 ms
(5 rows)

                                              QUERY PLAN                                               
-------------------------------------------------------------------------------------------------------
 Seq Scan on rib1000  (cost=0.00..1134.55 rows=186 width=92) (actual time=3.737..3.737 rows=0 loops=1)
   Filter: ((prefix & '255.255.0.0/16'::inet_faure) = '5.8.0.0/24'::inet_faure)
   Rows Removed by Filter: 37170
 Planning Time: 0.014 ms
 Execution Time: 3.743 ms
(5 rows)

                                              QUERY PLAN                                               
-------------------------------------------------------------------------------------------------------
 Seq Scan on rib1000  (cost=0.00..1134.55 rows=186 width=92) (actual time=3.773..3.774 rows=0 loops=1)
   Filter: ((prefix & '255.255.0.0/16'::inet_faure) = '5.8.0.0/24'::inet_faure)
   Rows Removed by Filter: 37170
 Planning Time: 0.014 ms
 Execution Time: 3.779 ms
(5 rows)

                                              QUERY PLAN                                               
-------------------------------------------------------------------------------------------------------
 Seq Scan on rib1000  (cost=0.00..1134.55 rows=186 width=92) (actual time=3.848..3.849 rows=0 loops=1)
   Filter: ((prefix & '255.255.0.0/16'::inet_faure) = '5.8.0.0/24'::inet_faure)
   Rows Removed by Filter: 37170
 Planning Time: 0.013 ms
 Execution Time: 3.856 ms
(5 rows)

                                              QUERY PLAN                                               
-------------------------------------------------------------------------------------------------------
 Seq Scan on rib1000  (cost=0.00..1134.55 rows=186 width=92) (actual time=3.805..3.806 rows=0 loops=1)
   Filter: ((prefix & '255.255.0.0/16'::inet_faure) = '5.8.0.0/24'::inet_faure)
   Rows Removed by Filter: 37170
 Planning Time: 0.040 ms
 Execution Time: 3.832 ms
(5 rows)

                                              QUERY PLAN                                               
-------------------------------------------------------------------------------------------------------
 Seq Scan on rib1000  (cost=0.00..1134.55 rows=186 width=92) (actual time=3.706..3.706 rows=0 loops=1)
   Filter: ((prefix & '255.255.0.0/16'::inet_faure) = '5.8.0.0/24'::inet_faure)
   Rows Removed by Filter: 37170
 Planning Time: 0.026 ms
 Execution Time: 3.714 ms
(5 rows)

                                              QUERY PLAN                                               
-------------------------------------------------------------------------------------------------------
 Seq Scan on rib1000  (cost=0.00..1134.55 rows=186 width=92) (actual time=4.382..4.383 rows=0 loops=1)
   Filter: ((prefix & '255.255.0.0/16'::inet_faure) = '5.8.0.0/24'::inet_faure)
   Rows Removed by Filter: 37170
 Planning Time: 0.015 ms
 Execution Time: 4.390 ms
(5 rows)

                                              QUERY PLAN                                               
-------------------------------------------------------------------------------------------------------
 Seq Scan on rib1000  (cost=0.00..1134.55 rows=186 width=92) (actual time=3.749..3.749 rows=0 loops=1)
   Filter: ((prefix & '255.255.0.0/16'::inet_faure) = '5.8.0.0/24'::inet_faure)
   Rows Removed by Filter: 37170
 Planning Time: 0.020 ms
 Execution Time: 3.755 ms
(5 rows)

                                              QUERY PLAN                                               
-------------------------------------------------------------------------------------------------------
 Seq Scan on rib1000  (cost=0.00..1134.55 rows=186 width=92) (actual time=3.713..3.713 rows=0 loops=1)
   Filter: ((prefix & '255.255.0.0/16'::inet_faure) = '5.8.0.0/24'::inet_faure)
   Rows Removed by Filter: 37170
 Planning Time: 0.029 ms
 Execution Time: 3.718 ms
(5 rows)

                                              QUERY PLAN                                               
-------------------------------------------------------------------------------------------------------
 Seq Scan on rib1000  (cost=0.00..1134.55 rows=186 width=92) (actual time=3.830..3.831 rows=0 loops=1)
   Filter: ((prefix & '255.255.0.0/16'::inet_faure) = '5.8.0.0/24'::inet_faure)
   Rows Removed by Filter: 37170
 Planning Time: 0.017 ms
 Execution Time: 3.837 ms
(5 rows)

                                              QUERY PLAN                                               
-------------------------------------------------------------------------------------------------------
 Seq Scan on rib1000  (cost=0.00..1134.55 rows=186 width=92) (actual time=3.699..3.699 rows=0 loops=1)
   Filter: ((prefix & '255.255.0.0/16'::inet_faure) = '5.8.0.0/24'::inet_faure)
   Rows Removed by Filter: 37170
 Planning Time: 0.014 ms
 Execution Time: 3.704 ms
(5 rows)

                                              QUERY PLAN                                               
-------------------------------------------------------------------------------------------------------
 Seq Scan on rib1000  (cost=0.00..1134.55 rows=186 width=92) (actual time=4.649..4.650 rows=0 loops=1)
   Filter: ((prefix & '255.255.0.0/16'::inet_faure) = '5.8.0.0/24'::inet_faure)
   Rows Removed by Filter: 37170
 Planning Time: 0.014 ms
 Execution Time: 4.658 ms
(5 rows)

                                              QUERY PLAN                                               
-------------------------------------------------------------------------------------------------------
 Seq Scan on rib1000  (cost=0.00..1134.55 rows=186 width=92) (actual time=3.786..3.786 rows=0 loops=1)
   Filter: ((prefix & '255.255.0.0/16'::inet_faure) = '5.8.0.0/24'::inet_faure)
   Rows Removed by Filter: 37170
 Planning Time: 0.027 ms
 Execution Time: 3.794 ms
(5 rows)

                                              QUERY PLAN                                               
-------------------------------------------------------------------------------------------------------
 Seq Scan on rib1000  (cost=0.00..1134.55 rows=186 width=92) (actual time=3.819..3.819 rows=0 loops=1)
   Filter: ((prefix & '255.255.0.0/16'::inet_faure) = '5.8.0.0/24'::inet_faure)
   Rows Removed by Filter: 37170
 Planning Time: 0.013 ms
 Execution Time: 3.824 ms
(5 rows)

                                              QUERY PLAN                                               
-------------------------------------------------------------------------------------------------------
 Seq Scan on rib1000  (cost=0.00..1134.55 rows=186 width=92) (actual time=3.686..3.686 rows=0 loops=1)
   Filter: ((prefix & '255.255.0.0/16'::inet_faure) = '5.8.0.0/24'::inet_faure)
   Rows Removed by Filter: 37170
 Planning Time: 0.029 ms
 Execution Time: 3.691 ms
(5 rows)

                                              QUERY PLAN                                               
-------------------------------------------------------------------------------------------------------
 Seq Scan on rib1000  (cost=0.00..1134.55 rows=186 width=92) (actual time=3.680..3.680 rows=0 loops=1)
   Filter: ((prefix & '255.255.0.0/16'::inet_faure) = '5.8.0.0/24'::inet_faure)
   Rows Removed by Filter: 37170
 Planning Time: 0.012 ms
 Execution Time: 3.685 ms
(5 rows)

                                              QUERY PLAN                                               
-------------------------------------------------------------------------------------------------------
 Seq Scan on rib1000  (cost=0.00..1134.55 rows=186 width=92) (actual time=3.733..3.733 rows=0 loops=1)
   Filter: ((prefix & '255.255.0.0/16'::inet_faure) = '5.8.0.0/24'::inet_faure)
   Rows Removed by Filter: 37170
 Planning Time: 0.011 ms
 Execution Time: 3.738 ms
(5 rows)

                                              QUERY PLAN                                               
-------------------------------------------------------------------------------------------------------
 Seq Scan on rib1000  (cost=0.00..1134.55 rows=186 width=92) (actual time=3.710..3.711 rows=0 loops=1)
   Filter: ((prefix & '255.255.0.0/16'::inet_faure) = '5.8.0.0/24'::inet_faure)
   Rows Removed by Filter: 37170
 Planning Time: 0.011 ms
 Execution Time: 3.715 ms
(5 rows)

                                              QUERY PLAN                                               
-------------------------------------------------------------------------------------------------------
 Seq Scan on rib1000  (cost=0.00..1134.55 rows=186 width=92) (actual time=3.742..3.742 rows=0 loops=1)
   Filter: ((prefix & '255.255.0.0/16'::inet_faure) = '5.8.0.0/24'::inet_faure)
   Rows Removed by Filter: 37170
 Planning Time: 0.013 ms
 Execution Time: 3.747 ms
(5 rows)

                                              QUERY PLAN                                               
-------------------------------------------------------------------------------------------------------
 Seq Scan on rib1000  (cost=0.00..1134.55 rows=186 width=92) (actual time=4.727..4.728 rows=0 loops=1)
   Filter: ((prefix & '255.255.0.0/16'::inet_faure) = '5.8.0.0/24'::inet_faure)
   Rows Removed by Filter: 37170
 Planning Time: 0.020 ms
 Execution Time: 4.737 ms
(5 rows)

