                                               QUERY PLAN                                               
--------------------------------------------------------------------------------------------------------
 Seq Scan on rib100  (cost=0.00..93.91 rows=3433 width=32) (actual time=0.009..0.427 rows=3433 loops=1)
 Planning Time: 0.046 ms
 Execution Time: 0.513 ms
(3 rows)

                                               QUERY PLAN                                               
--------------------------------------------------------------------------------------------------------
 Seq Scan on rib100  (cost=0.00..93.91 rows=3433 width=32) (actual time=0.007..0.409 rows=3433 loops=1)
 Planning Time: 0.013 ms
 Execution Time: 0.498 ms
(3 rows)

                                               QUERY PLAN                                               
--------------------------------------------------------------------------------------------------------
 Seq Scan on rib100  (cost=0.00..93.91 rows=3433 width=32) (actual time=0.004..0.367 rows=3433 loops=1)
 Planning Time: 0.011 ms
 Execution Time: 0.452 ms
(3 rows)

                                               QUERY PLAN                                               
--------------------------------------------------------------------------------------------------------
 Seq Scan on rib100  (cost=0.00..93.91 rows=3433 width=32) (actual time=0.003..0.363 rows=3433 loops=1)
 Planning Time: 0.009 ms
 Execution Time: 0.447 ms
(3 rows)

                                               QUERY PLAN                                               
--------------------------------------------------------------------------------------------------------
 Seq Scan on rib100  (cost=0.00..93.91 rows=3433 width=32) (actual time=0.004..0.362 rows=3433 loops=1)
 Planning Time: 0.009 ms
 Execution Time: 0.480 ms
(3 rows)

                                               QUERY PLAN                                               
--------------------------------------------------------------------------------------------------------
 Seq Scan on rib100  (cost=0.00..93.91 rows=3433 width=32) (actual time=0.003..0.362 rows=3433 loops=1)
 Planning Time: 0.009 ms
 Execution Time: 0.446 ms
(3 rows)

                                               QUERY PLAN                                               
--------------------------------------------------------------------------------------------------------
 Seq Scan on rib100  (cost=0.00..93.91 rows=3433 width=32) (actual time=0.004..0.362 rows=3433 loops=1)
 Planning Time: 0.010 ms
 Execution Time: 0.446 ms
(3 rows)

                                               QUERY PLAN                                               
--------------------------------------------------------------------------------------------------------
 Seq Scan on rib100  (cost=0.00..93.91 rows=3433 width=32) (actual time=0.004..0.366 rows=3433 loops=1)
 Planning Time: 0.011 ms
 Execution Time: 0.452 ms
(3 rows)

                                               QUERY PLAN                                               
--------------------------------------------------------------------------------------------------------
 Seq Scan on rib100  (cost=0.00..93.91 rows=3433 width=32) (actual time=0.003..0.363 rows=3433 loops=1)
 Planning Time: 0.008 ms
 Execution Time: 0.447 ms
(3 rows)

                                               QUERY PLAN                                               
--------------------------------------------------------------------------------------------------------
 Seq Scan on rib100  (cost=0.00..93.91 rows=3433 width=32) (actual time=0.003..0.422 rows=3433 loops=1)
 Planning Time: 0.008 ms
 Execution Time: 0.513 ms
(3 rows)

