                                                 QUERY PLAN                                                  
-------------------------------------------------------------------------------------------------------------
 Seq Scan on rib1000  (cost=0.00..1041.62 rows=37170 width=32) (actual time=0.004..4.227 rows=37170 loops=1)
 Planning Time: 0.093 ms
 Execution Time: 5.114 ms
(3 rows)

                                                 QUERY PLAN                                                  
-------------------------------------------------------------------------------------------------------------
 Seq Scan on rib1000  (cost=0.00..1041.62 rows=37170 width=32) (actual time=0.004..4.066 rows=37170 loops=1)
 Planning Time: 0.010 ms
 Execution Time: 4.965 ms
(3 rows)

                                                 QUERY PLAN                                                  
-------------------------------------------------------------------------------------------------------------
 Seq Scan on rib1000  (cost=0.00..1041.62 rows=37170 width=32) (actual time=0.004..4.657 rows=37170 loops=1)
 Planning Time: 0.011 ms
 Execution Time: 5.579 ms
(3 rows)

                                                 QUERY PLAN                                                  
-------------------------------------------------------------------------------------------------------------
 Seq Scan on rib1000  (cost=0.00..1041.62 rows=37170 width=32) (actual time=0.005..4.246 rows=37170 loops=1)
 Planning Time: 0.020 ms
 Execution Time: 5.139 ms
(3 rows)

                                                 QUERY PLAN                                                  
-------------------------------------------------------------------------------------------------------------
 Seq Scan on rib1000  (cost=0.00..1041.62 rows=37170 width=32) (actual time=0.004..4.091 rows=37170 loops=1)
 Planning Time: 0.011 ms
 Execution Time: 4.960 ms
(3 rows)

                                                 QUERY PLAN                                                  
-------------------------------------------------------------------------------------------------------------
 Seq Scan on rib1000  (cost=0.00..1041.62 rows=37170 width=32) (actual time=0.004..5.043 rows=37170 loops=1)
 Planning Time: 0.011 ms
 Execution Time: 6.006 ms
(3 rows)

                                                 QUERY PLAN                                                  
-------------------------------------------------------------------------------------------------------------
 Seq Scan on rib1000  (cost=0.00..1041.62 rows=37170 width=32) (actual time=0.006..4.319 rows=37170 loops=1)
 Planning Time: 0.028 ms
 Execution Time: 5.255 ms
(3 rows)

                                                 QUERY PLAN                                                  
-------------------------------------------------------------------------------------------------------------
 Seq Scan on rib1000  (cost=0.00..1041.62 rows=37170 width=32) (actual time=0.004..4.101 rows=37170 loops=1)
 Planning Time: 0.013 ms
 Execution Time: 4.970 ms
(3 rows)

                                                 QUERY PLAN                                                  
-------------------------------------------------------------------------------------------------------------
 Seq Scan on rib1000  (cost=0.00..1041.62 rows=37170 width=32) (actual time=0.004..4.144 rows=37170 loops=1)
 Planning Time: 0.011 ms
 Execution Time: 5.034 ms
(3 rows)

                                                 QUERY PLAN                                                  
-------------------------------------------------------------------------------------------------------------
 Seq Scan on rib1000  (cost=0.00..1041.62 rows=37170 width=32) (actual time=0.004..4.081 rows=37170 loops=1)
 Planning Time: 0.010 ms
 Execution Time: 4.950 ms
(3 rows)

                                                 QUERY PLAN                                                  
-------------------------------------------------------------------------------------------------------------
 Seq Scan on rib1000  (cost=0.00..1041.62 rows=37170 width=32) (actual time=0.003..4.446 rows=37170 loops=1)
 Planning Time: 0.009 ms
 Execution Time: 5.350 ms
(3 rows)

                                                 QUERY PLAN                                                  
-------------------------------------------------------------------------------------------------------------
 Seq Scan on rib1000  (cost=0.00..1041.62 rows=37170 width=32) (actual time=0.004..4.299 rows=37170 loops=1)
 Planning Time: 0.019 ms
 Execution Time: 5.183 ms
(3 rows)

                                                 QUERY PLAN                                                  
-------------------------------------------------------------------------------------------------------------
 Seq Scan on rib1000  (cost=0.00..1041.62 rows=37170 width=32) (actual time=0.005..4.284 rows=37170 loops=1)
 Planning Time: 0.019 ms
 Execution Time: 5.204 ms
(3 rows)

                                                 QUERY PLAN                                                  
-------------------------------------------------------------------------------------------------------------
 Seq Scan on rib1000  (cost=0.00..1041.62 rows=37170 width=32) (actual time=0.005..4.158 rows=37170 loops=1)
 Planning Time: 0.016 ms
 Execution Time: 5.068 ms
(3 rows)

                                                 QUERY PLAN                                                  
-------------------------------------------------------------------------------------------------------------
 Seq Scan on rib1000  (cost=0.00..1041.62 rows=37170 width=32) (actual time=0.004..4.143 rows=37170 loops=1)
 Planning Time: 0.010 ms
 Execution Time: 5.016 ms
(3 rows)

                                                 QUERY PLAN                                                  
-------------------------------------------------------------------------------------------------------------
 Seq Scan on rib1000  (cost=0.00..1041.62 rows=37170 width=32) (actual time=0.004..4.064 rows=37170 loops=1)
 Planning Time: 0.011 ms
 Execution Time: 4.933 ms
(3 rows)

                                                 QUERY PLAN                                                  
-------------------------------------------------------------------------------------------------------------
 Seq Scan on rib1000  (cost=0.00..1041.62 rows=37170 width=32) (actual time=0.003..4.934 rows=37170 loops=1)
 Planning Time: 0.009 ms
 Execution Time: 5.948 ms
(3 rows)

                                                 QUERY PLAN                                                  
-------------------------------------------------------------------------------------------------------------
 Seq Scan on rib1000  (cost=0.00..1041.62 rows=37170 width=32) (actual time=0.007..4.505 rows=37170 loops=1)
 Planning Time: 0.020 ms
 Execution Time: 5.425 ms
(3 rows)

                                                 QUERY PLAN                                                  
-------------------------------------------------------------------------------------------------------------
 Seq Scan on rib1000  (cost=0.00..1041.62 rows=37170 width=32) (actual time=0.006..4.359 rows=37170 loops=1)
 Planning Time: 0.042 ms
 Execution Time: 5.259 ms
(3 rows)

                                                 QUERY PLAN                                                  
-------------------------------------------------------------------------------------------------------------
 Seq Scan on rib1000  (cost=0.00..1041.62 rows=37170 width=32) (actual time=0.004..4.067 rows=37170 loops=1)
 Planning Time: 0.013 ms
 Execution Time: 4.936 ms
(3 rows)

